\BOOKMARK [0][-]{chapter.1}{\376\377\0001\000\040\000T\000i\000n\000a\000\047\000s\000\040\000B\000u\000r\000g\000e\000r\000\040\000B\000i\000s\000t\000r\000o}{}% 1
\BOOKMARK [1][-]{section.1.1}{\376\377\0001\000.\0001\000\040\000O\000v\000e\000r\000a\000l\000l\000\040\000D\000e\000s\000i\000g\000n\000\040\000A\000r\000c\000h\000i\000t\000e\000c\000t\000u\000r\000e}{chapter.1}% 2
\BOOKMARK [1][-]{section.1.2}{\376\377\0001\000.\0002\000\040\000T\000e\000s\000t\000i\000n\000g}{chapter.1}% 3
\BOOKMARK [1][-]{section.1.3}{\376\377\0001\000.\0003\000\040\000B\000u\000i\000l\000d\000i\000n\000g\000\040\000T\000i\000n\000a\000\047\000s\000\040\000B\000u\000r\000g\000e\000r\000\040\000B\000i\000s\000t\000r\000o}{chapter.1}% 4
\BOOKMARK [1][-]{section.1.4}{\376\377\0001\000.\0004\000\040\000N\000o\000t\000a\000b\000l\000e\000\040\000C\000o\000n\000c\000e\000p\000t\000s\000\040\000U\000s\000e\000d}{chapter.1}% 5
\BOOKMARK [0][-]{chapter.2}{\376\377\0002\000\040\000T\000o\000d\000o\000\040\000L\000i\000s\000t}{}% 6
\BOOKMARK [0][-]{chapter.3}{\376\377\0003\000\040\000H\000i\000e\000r\000a\000r\000c\000h\000i\000c\000a\000l\000\040\000I\000n\000d\000e\000x}{}% 7
\BOOKMARK [1][-]{section.3.1}{\376\377\0003\000.\0001\000\040\000C\000l\000a\000s\000s\000\040\000H\000i\000e\000r\000a\000r\000c\000h\000y}{chapter.3}% 8
\BOOKMARK [0][-]{chapter.4}{\376\377\0004\000\040\000C\000l\000a\000s\000s\000\040\000I\000n\000d\000e\000x}{}% 9
\BOOKMARK [1][-]{section.4.1}{\376\377\0004\000.\0001\000\040\000C\000l\000a\000s\000s\000\040\000L\000i\000s\000t}{chapter.4}% 10
\BOOKMARK [0][-]{chapter.5}{\376\377\0005\000\040\000C\000l\000a\000s\000s\000\040\000D\000o\000c\000u\000m\000e\000n\000t\000a\000t\000i\000o\000n}{}% 11
\BOOKMARK [1][-]{section.5.1}{\376\377\0005\000.\0001\000\040\000C\000a\000t\000c\000h\000:\000:\000D\000e\000t\000a\000i\000l\000:\000:\000A\000p\000p\000r\000o\000x\000\040\000C\000l\000a\000s\000s\000\040\000R\000e\000f\000e\000r\000e\000n\000c\000e}{chapter.5}% 12
\BOOKMARK [2][-]{subsection.5.1.1}{\376\377\0005\000.\0001\000.\0001\000\040\000*}{section.5.1}% 13
\BOOKMARK [2][-]{subsection.5.1.2}{\376\377\0005\000.\0001\000.\0002\000\040\000*}{section.5.1}% 14
\BOOKMARK [2][-]{subsection.5.1.3}{\376\377\0005\000.\0001\000.\0003\000\040\000*}{section.5.1}% 15
\BOOKMARK [1][-]{section.5.2}{\376\377\0005\000.\0002\000\040\000C\000a\000t\000c\000h\000:\000:\000A\000s\000s\000e\000r\000t\000i\000o\000n\000H\000a\000n\000d\000l\000e\000r\000\040\000C\000l\000a\000s\000s\000\040\000R\000e\000f\000e\000r\000e\000n\000c\000e}{chapter.5}% 16
\BOOKMARK [2][-]{subsection.5.2.1}{\376\377\0005\000.\0002\000.\0001\000\040\000*}{section.5.2}% 17
\BOOKMARK [1][-]{section.5.3}{\376\377\0005\000.\0003\000\040\000C\000a\000t\000c\000h\000:\000:\000A\000s\000s\000e\000r\000t\000i\000o\000n\000I\000n\000f\000o\000\040\000S\000t\000r\000u\000c\000t\000\040\000R\000e\000f\000e\000r\000e\000n\000c\000e}{chapter.5}% 18
\BOOKMARK [2][-]{subsection.5.3.1}{\376\377\0005\000.\0003\000.\0001\000\040\000*}{section.5.3}% 19
\BOOKMARK [1][-]{section.5.4}{\376\377\0005\000.\0004\000\040\000C\000a\000t\000c\000h\000:\000:\000A\000s\000s\000e\000r\000t\000i\000o\000n\000R\000e\000a\000c\000t\000i\000o\000n\000\040\000S\000t\000r\000u\000c\000t\000\040\000R\000e\000f\000e\000r\000e\000n\000c\000e}{chapter.5}% 20
\BOOKMARK [2][-]{subsection.5.4.1}{\376\377\0005\000.\0004\000.\0001\000\040\000*}{section.5.4}% 21
\BOOKMARK [1][-]{section.5.5}{\376\377\0005\000.\0005\000\040\000C\000a\000t\000c\000h\000:\000:\000A\000u\000t\000o\000R\000e\000g\000\040\000S\000t\000r\000u\000c\000t\000\040\000R\000e\000f\000e\000r\000e\000n\000c\000e}{chapter.5}% 22
\BOOKMARK [2][-]{subsection.5.5.1}{\376\377\0005\000.\0005\000.\0001\000\040\000*}{section.5.5}% 23
\BOOKMARK [1][-]{section.5.6}{\376\377\0005\000.\0006\000\040\000C\000a\000t\000c\000h\000:\000:\000B\000e\000n\000c\000h\000m\000a\000r\000k\000L\000o\000o\000p\000e\000r\000\040\000C\000l\000a\000s\000s\000\040\000R\000e\000f\000e\000r\000e\000n\000c\000e}{chapter.5}% 24
\BOOKMARK [2][-]{subsection.5.6.1}{\376\377\0005\000.\0006\000.\0001\000\040\000*}{section.5.6}% 25
\BOOKMARK [1][-]{section.5.7}{\376\377\0005\000.\0007\000\040\000C\000a\000t\000c\000h\000:\000:\000B\000i\000n\000a\000r\000y\000E\000x\000p\000r\000<\000\040\000L\000h\000s\000T\000,\000\040\000R\000h\000s\000T\000\040\000>\000\040\000C\000l\000a\000s\000s\000\040\000T\000e\000m\000p\000l\000a\000t\000e\000\040\000R\000e\000f\000e\000r\000e\000n\000c\000e}{chapter.5}% 26
\BOOKMARK [2][-]{subsection.5.7.1}{\376\377\0005\000.\0007\000.\0001\000\040\000*}{section.5.7}% 27
\BOOKMARK [2][-]{subsection.5.7.2}{\376\377\0005\000.\0007\000.\0002\000\040\000*}{section.5.7}% 28
\BOOKMARK [1][-]{section.5.8}{\376\377\0005\000.\0008\000\040\000C\000a\000t\000c\000h\000:\000:\000M\000a\000t\000c\000h\000e\000r\000s\000:\000:\000S\000t\000d\000S\000t\000r\000i\000n\000g\000:\000:\000C\000a\000s\000e\000d\000S\000t\000r\000i\000n\000g\000\040\000S\000t\000r\000u\000c\000t\000\040\000R\000e\000f\000e\000r\000e\000n\000c\000e}{chapter.5}% 29
\BOOKMARK [2][-]{subsection.5.8.1}{\376\377\0005\000.\0008\000.\0001\000\040\000*}{section.5.8}% 30
\BOOKMARK [2][-]{subsection.5.8.2}{\376\377\0005\000.\0008\000.\0002\000\040\000*}{section.5.8}% 31
\BOOKMARK [1][-]{section.5.9}{\376\377\0005\000.\0009\000\040\000C\000a\000t\000c\000h\000:\000:\000C\000a\000s\000e\000S\000e\000n\000s\000i\000t\000i\000v\000e\000\040\000S\000t\000r\000u\000c\000t\000\040\000R\000e\000f\000e\000r\000e\000n\000c\000e}{chapter.5}% 32
\BOOKMARK [2][-]{subsection.5.9.1}{\376\377\0005\000.\0009\000.\0001\000\040\000*}{section.5.9}% 33
\BOOKMARK [1][-]{section.5.10}{\376\377\0005\000.\0001\0000\000\040\000C\000a\000s\000h\000i\000e\000r\000\040\000C\000l\000a\000s\000s\000\040\000R\000e\000f\000e\000r\000e\000n\000c\000e}{chapter.5}% 34
\BOOKMARK [2][-]{subsection.5.10.1}{\376\377\0005\000.\0001\0000\000.\0001\000\040\000*}{section.5.10}% 35
\BOOKMARK [2][-]{subsection.5.10.2}{\376\377\0005\000.\0001\0000\000.\0002\000\040\000D\000e\000t\000a\000i\000l\000e\000d\000\040\000D\000e\000s\000c\000r\000i\000p\000t\000i\000o\000n}{section.5.10}% 36
\BOOKMARK [2][-]{subsection.5.10.3}{\376\377\0005\000.\0001\0000\000.\0003\000\040\000M\000e\000m\000b\000e\000r\000\040\000F\000u\000n\000c\000t\000i\000o\000n\000\040\000D\000o\000c\000u\000m\000e\000n\000t\000a\000t\000i\000o\000n}{section.5.10}% 37
\BOOKMARK [3][-]{subsubsection.5.10.3.1}{\376\377\0005\000.\0001\0000\000.\0003\000.\0001\000\040\000s\000e\000r\000v\000e\000\137\000c\000u\000s\000t\000o\000m\000e\000r\000\050\000\051}{subsection.5.10.3}% 38
\BOOKMARK [1][-]{section.5.11}{\376\377\0005\000.\0001\0001\000\040\000C\000a\000t\000c\000h\000\137\000g\000l\000o\000b\000a\000l\000\137\000n\000a\000m\000e\000s\000p\000a\000c\000e\000\137\000d\000u\000m\000m\000y\000\040\000S\000t\000r\000u\000c\000t\000\040\000R\000e\000f\000e\000r\000e\000n\000c\000e}{chapter.5}% 39
\BOOKMARK [1][-]{section.5.12}{\376\377\0005\000.\0001\0002\000\040\000C\000a\000t\000c\000h\000:\000:\000M\000a\000t\000c\000h\000e\000r\000s\000:\000:\000V\000e\000c\000t\000o\000r\000:\000:\000C\000o\000n\000t\000a\000i\000n\000s\000E\000l\000e\000m\000e\000n\000t\000M\000a\000t\000c\000h\000e\000r\000<\000\040\000T\000\040\000>\000\040\000S\000t\000r\000u\000c\000t\000\040\000T\000e\000m\000p\000l\000a\000t\000e\000\040\000R\000e\000f\000e\000r\000e\000n\000c\000e}{chapter.5}% 40
\BOOKMARK [2][-]{subsection.5.12.1}{\376\377\0005\000.\0001\0002\000.\0001\000\040\000*}{section.5.12}% 41
\BOOKMARK [2][-]{subsection.5.12.2}{\376\377\0005\000.\0001\0002\000.\0002\000\040\000*}{section.5.12}% 42
\BOOKMARK [2][-]{subsection.5.12.3}{\376\377\0005\000.\0001\0002\000.\0003\000\040\000*}{section.5.12}% 43
\BOOKMARK [1][-]{section.5.13}{\376\377\0005\000.\0001\0003\000\040\000C\000a\000t\000c\000h\000:\000:\000M\000a\000t\000c\000h\000e\000r\000s\000:\000:\000S\000t\000d\000S\000t\000r\000i\000n\000g\000:\000:\000C\000o\000n\000t\000a\000i\000n\000s\000M\000a\000t\000c\000h\000e\000r\000\040\000S\000t\000r\000u\000c\000t\000\040\000R\000e\000f\000e\000r\000e\000n\000c\000e}{chapter.5}% 44
\BOOKMARK [2][-]{subsection.5.13.1}{\376\377\0005\000.\0001\0003\000.\0001\000\040\000*}{section.5.13}% 45
\BOOKMARK [2][-]{subsection.5.13.2}{\376\377\0005\000.\0001\0003\000.\0002\000\040\000*}{section.5.13}% 46
\BOOKMARK [1][-]{section.5.14}{\376\377\0005\000.\0001\0004\000\040\000C\000a\000t\000c\000h\000:\000:\000M\000a\000t\000c\000h\000e\000r\000s\000:\000:\000V\000e\000c\000t\000o\000r\000:\000:\000C\000o\000n\000t\000a\000i\000n\000s\000M\000a\000t\000c\000h\000e\000r\000<\000\040\000T\000\040\000>\000\040\000S\000t\000r\000u\000c\000t\000\040\000T\000e\000m\000p\000l\000a\000t\000e\000\040\000R\000e\000f\000e\000r\000e\000n\000c\000e}{chapter.5}% 47
\BOOKMARK [2][-]{subsection.5.14.1}{\376\377\0005\000.\0001\0004\000.\0001\000\040\000*}{section.5.14}% 48
\BOOKMARK [2][-]{subsection.5.14.2}{\376\377\0005\000.\0001\0004\000.\0002\000\040\000*}{section.5.14}% 49
\BOOKMARK [2][-]{subsection.5.14.3}{\376\377\0005\000.\0001\0004\000.\0003\000\040\000*}{section.5.14}% 50
\BOOKMARK [1][-]{section.5.15}{\376\377\0005\000.\0001\0005\000\040\000C\000o\000o\000k\000\040\000C\000l\000a\000s\000s\000\040\000R\000e\000f\000e\000r\000e\000n\000c\000e}{chapter.5}% 51
\BOOKMARK [2][-]{subsection.5.15.1}{\376\377\0005\000.\0001\0005\000.\0001\000\040\000*}{section.5.15}% 52
\BOOKMARK [2][-]{subsection.5.15.2}{\376\377\0005\000.\0001\0005\000.\0002\000\040\000D\000e\000t\000a\000i\000l\000e\000d\000\040\000D\000e\000s\000c\000r\000i\000p\000t\000i\000o\000n}{section.5.15}% 53
\BOOKMARK [2][-]{subsection.5.15.3}{\376\377\0005\000.\0001\0005\000.\0003\000\040\000M\000e\000m\000b\000e\000r\000\040\000F\000u\000n\000c\000t\000i\000o\000n\000\040\000D\000o\000c\000u\000m\000e\000n\000t\000a\000t\000i\000o\000n}{section.5.15}% 54
\BOOKMARK [3][-]{subsubsection.5.15.3.1}{\376\377\0005\000.\0001\0005\000.\0003\000.\0001\000\040\000p\000r\000e\000p\000a\000r\000e\000\137\000d\000i\000s\000h\000\050\000\051}{subsection.5.15.3}% 55
\BOOKMARK [1][-]{section.5.16}{\376\377\0005\000.\0001\0006\000\040\000C\000a\000t\000c\000h\000:\000:\000C\000o\000u\000n\000t\000s\000\040\000S\000t\000r\000u\000c\000t\000\040\000R\000e\000f\000e\000r\000e\000n\000c\000e}{chapter.5}% 56
\BOOKMARK [2][-]{subsection.5.16.1}{\376\377\0005\000.\0001\0006\000.\0001\000\040\000*}{section.5.16}% 57
\BOOKMARK [2][-]{subsection.5.16.2}{\376\377\0005\000.\0001\0006\000.\0002\000\040\000*}{section.5.16}% 58
\BOOKMARK [1][-]{section.5.17}{\376\377\0005\000.\0001\0007\000\040\000C\000u\000s\000t\000o\000m\000e\000r\000\040\000C\000l\000a\000s\000s\000\040\000R\000e\000f\000e\000r\000e\000n\000c\000e}{chapter.5}% 59
\BOOKMARK [2][-]{subsection.5.17.1}{\376\377\0005\000.\0001\0007\000.\0001\000\040\000*}{section.5.17}% 60
\BOOKMARK [2][-]{subsection.5.17.2}{\376\377\0005\000.\0001\0007\000.\0002\000\040\000*}{section.5.17}% 61
\BOOKMARK [2][-]{subsection.5.17.3}{\376\377\0005\000.\0001\0007\000.\0003\000\040\000D\000e\000t\000a\000i\000l\000e\000d\000\040\000D\000e\000s\000c\000r\000i\000p\000t\000i\000o\000n}{section.5.17}% 62
\BOOKMARK [2][-]{subsection.5.17.4}{\376\377\0005\000.\0001\0007\000.\0004\000\040\000M\000e\000m\000b\000e\000r\000\040\000F\000u\000n\000c\000t\000i\000o\000n\000\040\000D\000o\000c\000u\000m\000e\000n\000t\000a\000t\000i\000o\000n}{section.5.17}% 63
\BOOKMARK [3][-]{subsubsection.5.17.4.1}{\376\377\0005\000.\0001\0007\000.\0004\000.\0001\000\040\000c\000h\000a\000r\000g\000e\000\137\000m\000o\000n\000e\000y\000\050\000\051}{subsection.5.17.4}% 64
\BOOKMARK [3][-]{subsubsection.5.17.4.2}{\376\377\0005\000.\0001\0007\000.\0004\000.\0002\000\040\000e\000x\000p\000e\000l\000\050\000\051}{subsection.5.17.4}% 65
\BOOKMARK [3][-]{subsubsection.5.17.4.3}{\376\377\0005\000.\0001\0007\000.\0004\000.\0003\000\040\000g\000e\000t\000\137\000o\000r\000d\000e\000r\000\050\000\051}{subsection.5.17.4}% 66
\BOOKMARK [3][-]{subsubsection.5.17.4.4}{\376\377\0005\000.\0001\0007\000.\0004\000.\0004\000\040\000r\000e\000f\000u\000n\000d\000\137\000m\000o\000n\000e\000y\000\050\000\051}{subsection.5.17.4}% 67
\BOOKMARK [1][-]{section.5.18}{\376\377\0005\000.\0001\0008\000\040\000C\000a\000t\000c\000h\000:\000:\000D\000e\000c\000o\000m\000p\000o\000s\000e\000r\000\040\000S\000t\000r\000u\000c\000t\000\040\000R\000e\000f\000e\000r\000e\000n\000c\000e}{chapter.5}% 68
\BOOKMARK [2][-]{subsection.5.18.1}{\376\377\0005\000.\0001\0008\000.\0001\000\040\000*}{section.5.18}% 69
\BOOKMARK [1][-]{section.5.19}{\376\377\0005\000.\0001\0009\000\040\000C\000a\000t\000c\000h\000:\000:\000M\000a\000t\000c\000h\000e\000r\000s\000:\000:\000S\000t\000d\000S\000t\000r\000i\000n\000g\000:\000:\000E\000n\000d\000s\000W\000i\000t\000h\000M\000a\000t\000c\000h\000e\000r\000\040\000S\000t\000r\000u\000c\000t\000\040\000R\000e\000f\000e\000r\000e\000n\000c\000e}{chapter.5}% 70
\BOOKMARK [2][-]{subsection.5.19.1}{\376\377\0005\000.\0001\0009\000.\0001\000\040\000*}{section.5.19}% 71
\BOOKMARK [2][-]{subsection.5.19.2}{\376\377\0005\000.\0001\0009\000.\0002\000\040\000*}{section.5.19}% 72
\BOOKMARK [1][-]{section.5.20}{\376\377\0005\000.\0002\0000\000\040\000C\000a\000t\000c\000h\000:\000:\000M\000a\000t\000c\000h\000e\000r\000s\000:\000:\000S\000t\000d\000S\000t\000r\000i\000n\000g\000:\000:\000E\000q\000u\000a\000l\000s\000M\000a\000t\000c\000h\000e\000r\000\040\000S\000t\000r\000u\000c\000t\000\040\000R\000e\000f\000e\000r\000e\000n\000c\000e}{chapter.5}% 73
\BOOKMARK [2][-]{subsection.5.20.1}{\376\377\0005\000.\0002\0000\000.\0001\000\040\000*}{section.5.20}% 74
\BOOKMARK [2][-]{subsection.5.20.2}{\376\377\0005\000.\0002\0000\000.\0002\000\040\000*}{section.5.20}% 75
\BOOKMARK [1][-]{section.5.21}{\376\377\0005\000.\0002\0001\000\040\000C\000a\000t\000c\000h\000:\000:\000M\000a\000t\000c\000h\000e\000r\000s\000:\000:\000V\000e\000c\000t\000o\000r\000:\000:\000E\000q\000u\000a\000l\000s\000M\000a\000t\000c\000h\000e\000r\000<\000\040\000T\000\040\000>\000\040\000S\000t\000r\000u\000c\000t\000\040\000T\000e\000m\000p\000l\000a\000t\000e\000\040\000R\000e\000f\000e\000r\000e\000n\000c\000e}{chapter.5}% 76
\BOOKMARK [2][-]{subsection.5.21.1}{\376\377\0005\000.\0002\0001\000.\0001\000\040\000*}{section.5.21}% 77
\BOOKMARK [2][-]{subsection.5.21.2}{\376\377\0005\000.\0002\0001\000.\0002\000\040\000*}{section.5.21}% 78
\BOOKMARK [2][-]{subsection.5.21.3}{\376\377\0005\000.\0002\0001\000.\0003\000\040\000*}{section.5.21}% 79
\BOOKMARK [1][-]{section.5.22}{\376\377\0005\000.\0002\0002\000\040\000C\000a\000t\000c\000h\000:\000:\000E\000x\000c\000e\000p\000t\000i\000o\000n\000T\000r\000a\000n\000s\000l\000a\000t\000o\000r\000R\000e\000g\000i\000s\000t\000r\000a\000r\000\040\000C\000l\000a\000s\000s\000\040\000R\000e\000f\000e\000r\000e\000n\000c\000e}{chapter.5}% 80
\BOOKMARK [2][-]{subsection.5.22.1}{\376\377\0005\000.\0002\0002\000.\0001\000\040\000*}{section.5.22}% 81
\BOOKMARK [1][-]{section.5.23}{\376\377\0005\000.\0002\0003\000\040\000C\000a\000t\000c\000h\000:\000:\000E\000x\000p\000r\000L\000h\000s\000<\000\040\000L\000h\000s\000T\000\040\000>\000\040\000C\000l\000a\000s\000s\000\040\000T\000e\000m\000p\000l\000a\000t\000e\000\040\000R\000e\000f\000e\000r\000e\000n\000c\000e}{chapter.5}% 82
\BOOKMARK [2][-]{subsection.5.23.1}{\376\377\0005\000.\0002\0003\000.\0001\000\040\000*}{section.5.23}% 83
\BOOKMARK [1][-]{section.5.24}{\376\377\0005\000.\0002\0004\000\040\000C\000a\000t\000c\000h\000:\000:\000I\000E\000x\000c\000e\000p\000t\000i\000o\000n\000T\000r\000a\000n\000s\000l\000a\000t\000o\000r\000\040\000S\000t\000r\000u\000c\000t\000\040\000R\000e\000f\000e\000r\000e\000n\000c\000e}{chapter.5}% 84
\BOOKMARK [2][-]{subsection.5.24.1}{\376\377\0005\000.\0002\0004\000.\0001\000\040\000*}{section.5.24}% 85
\BOOKMARK [1][-]{section.5.25}{\376\377\0005\000.\0002\0005\000\040\000C\000a\000t\000c\000h\000:\000:\000I\000E\000x\000c\000e\000p\000t\000i\000o\000n\000T\000r\000a\000n\000s\000l\000a\000t\000o\000r\000R\000e\000g\000i\000s\000t\000r\000y\000\040\000S\000t\000r\000u\000c\000t\000\040\000R\000e\000f\000e\000r\000e\000n\000c\000e}{chapter.5}% 86
\BOOKMARK [2][-]{subsection.5.25.1}{\376\377\0005\000.\0002\0005\000.\0001\000\040\000*}{section.5.25}% 87
\BOOKMARK [1][-]{section.5.26}{\376\377\0005\000.\0002\0006\000\040\000C\000a\000t\000c\000h\000:\000:\000I\000M\000u\000t\000a\000b\000l\000e\000R\000e\000g\000i\000s\000t\000r\000y\000H\000u\000b\000\040\000S\000t\000r\000u\000c\000t\000\040\000R\000e\000f\000e\000r\000e\000n\000c\000e}{chapter.5}% 88
\BOOKMARK [2][-]{subsection.5.26.1}{\376\377\0005\000.\0002\0006\000.\0001\000\040\000*}{section.5.26}% 89
\BOOKMARK [1][-]{section.5.27}{\376\377\0005\000.\0002\0007\000\040\000C\000a\000t\000c\000h\000:\000:\000I\000R\000e\000g\000i\000s\000t\000r\000y\000H\000u\000b\000\040\000S\000t\000r\000u\000c\000t\000\040\000R\000e\000f\000e\000r\000e\000n\000c\000e}{chapter.5}% 90
\BOOKMARK [2][-]{subsection.5.27.1}{\376\377\0005\000.\0002\0007\000.\0001\000\040\000*}{section.5.27}% 91
\BOOKMARK [1][-]{section.5.28}{\376\377\0005\000.\0002\0008\000\040\000C\000a\000t\000c\000h\000:\000:\000I\000R\000e\000s\000u\000l\000t\000C\000a\000p\000t\000u\000r\000e\000\040\000S\000t\000r\000u\000c\000t\000\040\000R\000e\000f\000e\000r\000e\000n\000c\000e}{chapter.5}% 92
\BOOKMARK [2][-]{subsection.5.28.1}{\376\377\0005\000.\0002\0008\000.\0001\000\040\000*}{section.5.28}% 93
\BOOKMARK [1][-]{section.5.29}{\376\377\0005\000.\0002\0009\000\040\000C\000a\000t\000c\000h\000:\000:\000I\000R\000u\000n\000n\000e\000r\000\040\000S\000t\000r\000u\000c\000t\000\040\000R\000e\000f\000e\000r\000e\000n\000c\000e}{chapter.5}% 94
\BOOKMARK [2][-]{subsection.5.29.1}{\376\377\0005\000.\0002\0009\000.\0001\000\040\000*}{section.5.29}% 95
\BOOKMARK [1][-]{section.5.30}{\376\377\0005\000.\0003\0000\000\040\000C\000a\000t\000c\000h\000:\000:\000i\000s\000\137\000r\000a\000n\000g\000e\000<\000\040\000T\000\040\000>\000\040\000S\000t\000r\000u\000c\000t\000\040\000T\000e\000m\000p\000l\000a\000t\000e\000\040\000R\000e\000f\000e\000r\000e\000n\000c\000e}{chapter.5}% 96
\BOOKMARK [2][-]{subsection.5.30.1}{\376\377\0005\000.\0003\0000\000.\0001\000\040\000*}{section.5.30}% 97
\BOOKMARK [2][-]{subsection.5.30.2}{\376\377\0005\000.\0003\0000\000.\0002\000\040\000M\000e\000m\000b\000e\000r\000\040\000D\000a\000t\000a\000\040\000D\000o\000c\000u\000m\000e\000n\000t\000a\000t\000i\000o\000n}{section.5.30}% 98
\BOOKMARK [3][-]{subsubsection.5.30.2.1}{\376\377\0005\000.\0003\0000\000.\0002\000.\0001\000\040\000v\000a\000l\000u\000e}{subsection.5.30.2}% 99
\BOOKMARK [1][-]{section.5.31}{\376\377\0005\000.\0003\0001\000\040\000C\000a\000t\000c\000h\000:\000:\000D\000e\000t\000a\000i\000l\000:\000:\000I\000s\000S\000t\000r\000e\000a\000m\000I\000n\000s\000e\000r\000t\000a\000b\000l\000e\000<\000\040\000T\000\040\000>\000\040\000C\000l\000a\000s\000s\000\040\000T\000e\000m\000p\000l\000a\000t\000e\000\040\000R\000e\000f\000e\000r\000e\000n\000c\000e}{chapter.5}% 100
\BOOKMARK [2][-]{subsection.5.31.1}{\376\377\0005\000.\0003\0001\000.\0001\000\040\000*}{section.5.31}% 101
\BOOKMARK [1][-]{section.5.32}{\376\377\0005\000.\0003\0002\000\040\000C\000a\000t\000c\000h\000:\000:\000I\000S\000t\000r\000e\000a\000m\000\040\000S\000t\000r\000u\000c\000t\000\040\000R\000e\000f\000e\000r\000e\000n\000c\000e}{chapter.5}% 102
\BOOKMARK [2][-]{subsection.5.32.1}{\376\377\0005\000.\0003\0002\000.\0001\000\040\000*}{section.5.32}% 103
\BOOKMARK [1][-]{section.5.33}{\376\377\0005\000.\0003\0003\000\040\000C\000a\000t\000c\000h\000:\000:\000I\000T\000e\000s\000t\000C\000a\000s\000e\000R\000e\000g\000i\000s\000t\000r\000y\000\040\000S\000t\000r\000u\000c\000t\000\040\000R\000e\000f\000e\000r\000e\000n\000c\000e}{chapter.5}% 104
\BOOKMARK [2][-]{subsection.5.33.1}{\376\377\0005\000.\0003\0003\000.\0001\000\040\000*}{section.5.33}% 105
\BOOKMARK [1][-]{section.5.34}{\376\377\0005\000.\0003\0004\000\040\000C\000a\000t\000c\000h\000:\000:\000I\000T\000e\000s\000t\000I\000n\000v\000o\000k\000e\000r\000\040\000S\000t\000r\000u\000c\000t\000\040\000R\000e\000f\000e\000r\000e\000n\000c\000e}{chapter.5}% 106
\BOOKMARK [2][-]{subsection.5.34.1}{\376\377\0005\000.\0003\0004\000.\0001\000\040\000*}{section.5.34}% 107
\BOOKMARK [1][-]{section.5.35}{\376\377\0005\000.\0003\0005\000\040\000C\000a\000t\000c\000h\000:\000:\000I\000T\000r\000a\000n\000s\000i\000e\000n\000t\000E\000x\000p\000r\000e\000s\000s\000i\000o\000n\000\040\000S\000t\000r\000u\000c\000t\000\040\000R\000e\000f\000e\000r\000e\000n\000c\000e}{chapter.5}% 108
\BOOKMARK [2][-]{subsection.5.35.1}{\376\377\0005\000.\0003\0005\000.\0001\000\040\000*}{section.5.35}% 109
\BOOKMARK [2][-]{subsection.5.35.2}{\376\377\0005\000.\0003\0005\000.\0002\000\040\000*}{section.5.35}% 110
\BOOKMARK [1][-]{section.5.36}{\376\377\0005\000.\0003\0006\000\040\000K\000i\000t\000c\000h\000e\000n\000\040\000C\000l\000a\000s\000s\000\040\000R\000e\000f\000e\000r\000e\000n\000c\000e}{chapter.5}% 111
\BOOKMARK [2][-]{subsection.5.36.1}{\376\377\0005\000.\0003\0006\000.\0001\000\040\000*}{section.5.36}% 112
\BOOKMARK [2][-]{subsection.5.36.2}{\376\377\0005\000.\0003\0006\000.\0002\000\040\000D\000e\000t\000a\000i\000l\000e\000d\000\040\000D\000e\000s\000c\000r\000i\000p\000t\000i\000o\000n}{section.5.36}% 113
\BOOKMARK [2][-]{subsection.5.36.3}{\376\377\0005\000.\0003\0006\000.\0003\000\040\000M\000e\000m\000b\000e\000r\000\040\000F\000u\000n\000c\000t\000i\000o\000n\000\040\000D\000o\000c\000u\000m\000e\000n\000t\000a\000t\000i\000o\000n}{section.5.36}% 114
\BOOKMARK [3][-]{subsubsection.5.36.3.1}{\376\377\0005\000.\0003\0006\000.\0003\000.\0001\000\040\000p\000r\000e\000p\000a\000r\000e\000\137\000d\000i\000s\000h\000\050\000\051}{subsection.5.36.3}% 115
\BOOKMARK [1][-]{section.5.37}{\376\377\0005\000.\0003\0007\000\040\000C\000a\000t\000c\000h\000:\000:\000L\000a\000z\000y\000E\000x\000p\000r\000e\000s\000s\000i\000o\000n\000\040\000C\000l\000a\000s\000s\000\040\000R\000e\000f\000e\000r\000e\000n\000c\000e}{chapter.5}% 116
\BOOKMARK [2][-]{subsection.5.37.1}{\376\377\0005\000.\0003\0007\000.\0001\000\040\000*}{section.5.37}% 117
\BOOKMARK [2][-]{subsection.5.37.2}{\376\377\0005\000.\0003\0007\000.\0002\000\040\000*}{section.5.37}% 118
\BOOKMARK [1][-]{section.5.38}{\376\377\0005\000.\0003\0008\000\040\000C\000a\000t\000c\000h\000:\000:\000M\000a\000t\000c\000h\000e\000r\000s\000:\000:\000I\000m\000p\000l\000:\000:\000M\000a\000t\000c\000h\000A\000l\000l\000O\000f\000<\000\040\000A\000r\000g\000T\000\040\000>\000\040\000S\000t\000r\000u\000c\000t\000\040\000T\000e\000m\000p\000l\000a\000t\000e\000\040\000R\000e\000f\000e\000r\000e\000n\000c\000e}{chapter.5}% 119
\BOOKMARK [2][-]{subsection.5.38.1}{\376\377\0005\000.\0003\0008\000.\0001\000\040\000*}{section.5.38}% 120
\BOOKMARK [2][-]{subsection.5.38.2}{\376\377\0005\000.\0003\0008\000.\0002\000\040\000*}{section.5.38}% 121
\BOOKMARK [2][-]{subsection.5.38.3}{\376\377\0005\000.\0003\0008\000.\0003\000\040\000*}{section.5.38}% 122
\BOOKMARK [1][-]{section.5.39}{\376\377\0005\000.\0003\0009\000\040\000C\000a\000t\000c\000h\000:\000:\000M\000a\000t\000c\000h\000e\000r\000s\000:\000:\000I\000m\000p\000l\000:\000:\000M\000a\000t\000c\000h\000A\000n\000y\000O\000f\000<\000\040\000A\000r\000g\000T\000\040\000>\000\040\000S\000t\000r\000u\000c\000t\000\040\000T\000e\000m\000p\000l\000a\000t\000e\000\040\000R\000e\000f\000e\000r\000e\000n\000c\000e}{chapter.5}% 123
\BOOKMARK [2][-]{subsection.5.39.1}{\376\377\0005\000.\0003\0009\000.\0001\000\040\000*}{section.5.39}% 124
\BOOKMARK [2][-]{subsection.5.39.2}{\376\377\0005\000.\0003\0009\000.\0002\000\040\000*}{section.5.39}% 125
\BOOKMARK [2][-]{subsection.5.39.3}{\376\377\0005\000.\0003\0009\000.\0003\000\040\000*}{section.5.39}% 126
\BOOKMARK [1][-]{section.5.40}{\376\377\0005\000.\0004\0000\000\040\000C\000a\000t\000c\000h\000:\000:\000M\000a\000t\000c\000h\000e\000r\000s\000:\000:\000I\000m\000p\000l\000:\000:\000M\000a\000t\000c\000h\000e\000r\000B\000a\000s\000e\000<\000\040\000T\000\040\000>\000\040\000S\000t\000r\000u\000c\000t\000\040\000T\000e\000m\000p\000l\000a\000t\000e\000\040\000R\000e\000f\000e\000r\000e\000n\000c\000e}{chapter.5}% 127
\BOOKMARK [2][-]{subsection.5.40.1}{\376\377\0005\000.\0004\0000\000.\0001\000\040\000*}{section.5.40}% 128
\BOOKMARK [2][-]{subsection.5.40.2}{\376\377\0005\000.\0004\0000\000.\0002\000\040\000*}{section.5.40}% 129
\BOOKMARK [1][-]{section.5.41}{\376\377\0005\000.\0004\0001\000\040\000C\000a\000t\000c\000h\000:\000:\000M\000a\000t\000c\000h\000e\000r\000s\000:\000:\000I\000m\000p\000l\000:\000:\000M\000a\000t\000c\000h\000e\000r\000M\000e\000t\000h\000o\000d\000<\000\040\000O\000b\000j\000e\000c\000t\000T\000\040\000>\000\040\000S\000t\000r\000u\000c\000t\000\040\000T\000e\000m\000p\000l\000a\000t\000e\000\040\000R\000e\000f\000e\000r\000e\000n\000c\000e}{chapter.5}% 130
\BOOKMARK [2][-]{subsection.5.41.1}{\376\377\0005\000.\0004\0001\000.\0001\000\040\000*}{section.5.41}% 131
\BOOKMARK [1][-]{section.5.42}{\376\377\0005\000.\0004\0002\000\040\000C\000a\000t\000c\000h\000:\000:\000M\000a\000t\000c\000h\000e\000r\000s\000:\000:\000I\000m\000p\000l\000:\000:\000M\000a\000t\000c\000h\000e\000r\000M\000e\000t\000h\000o\000d\000<\000\040\000P\000t\000r\000T\000\040\000\040\000>\000\040\000S\000t\000r\000u\000c\000t\000\040\000T\000e\000m\000p\000l\000a\000t\000e\000\040\000R\000e\000f\000e\000r\000e\000n\000c\000e}{chapter.5}% 132
\BOOKMARK [2][-]{subsection.5.42.1}{\376\377\0005\000.\0004\0002\000.\0001\000\040\000*}{section.5.42}% 133
\BOOKMARK [1][-]{section.5.43}{\376\377\0005\000.\0004\0003\000\040\000C\000a\000t\000c\000h\000:\000:\000M\000a\000t\000c\000h\000e\000r\000s\000:\000:\000I\000m\000p\000l\000:\000:\000M\000a\000t\000c\000h\000e\000r\000U\000n\000t\000y\000p\000e\000d\000B\000a\000s\000e\000\040\000C\000l\000a\000s\000s\000\040\000R\000e\000f\000e\000r\000e\000n\000c\000e}{chapter.5}% 134
\BOOKMARK [2][-]{subsection.5.43.1}{\376\377\0005\000.\0004\0003\000.\0001\000\040\000*}{section.5.43}% 135
\BOOKMARK [2][-]{subsection.5.43.2}{\376\377\0005\000.\0004\0003\000.\0002\000\040\000*}{section.5.43}% 136
\BOOKMARK [2][-]{subsection.5.43.3}{\376\377\0005\000.\0004\0003\000.\0003\000\040\000*}{section.5.43}% 137
\BOOKMARK [1][-]{section.5.44}{\376\377\0005\000.\0004\0004\000\040\000C\000a\000t\000c\000h\000:\000:\000M\000a\000t\000c\000h\000E\000x\000p\000r\000<\000\040\000A\000r\000g\000T\000,\000\040\000M\000a\000t\000c\000h\000e\000r\000T\000\040\000>\000\040\000C\000l\000a\000s\000s\000\040\000T\000e\000m\000p\000l\000a\000t\000e\000\040\000R\000e\000f\000e\000r\000e\000n\000c\000e}{chapter.5}% 138
\BOOKMARK [2][-]{subsection.5.44.1}{\376\377\0005\000.\0004\0004\000.\0001\000\040\000*}{section.5.44}% 139
\BOOKMARK [2][-]{subsection.5.44.2}{\376\377\0005\000.\0004\0004\000.\0002\000\040\000*}{section.5.44}% 140
\BOOKMARK [1][-]{section.5.45}{\376\377\0005\000.\0004\0005\000\040\000C\000a\000t\000c\000h\000:\000:\000M\000a\000t\000c\000h\000e\000r\000s\000:\000:\000I\000m\000p\000l\000:\000:\000M\000a\000t\000c\000h\000N\000o\000t\000O\000f\000<\000\040\000A\000r\000g\000T\000\040\000>\000\040\000S\000t\000r\000u\000c\000t\000\040\000T\000e\000m\000p\000l\000a\000t\000e\000\040\000R\000e\000f\000e\000r\000e\000n\000c\000e}{chapter.5}% 141
\BOOKMARK [2][-]{subsection.5.45.1}{\376\377\0005\000.\0004\0005\000.\0001\000\040\000*}{section.5.45}% 142
\BOOKMARK [2][-]{subsection.5.45.2}{\376\377\0005\000.\0004\0005\000.\0002\000\040\000*}{section.5.45}% 143
\BOOKMARK [2][-]{subsection.5.45.3}{\376\377\0005\000.\0004\0005\000.\0003\000\040\000*}{section.5.45}% 144
\BOOKMARK [1][-]{section.5.46}{\376\377\0005\000.\0004\0006\000\040\000C\000a\000t\000c\000h\000:\000:\000M\000e\000s\000s\000a\000g\000e\000B\000u\000i\000l\000d\000e\000r\000\040\000S\000t\000r\000u\000c\000t\000\040\000R\000e\000f\000e\000r\000e\000n\000c\000e}{chapter.5}% 145
\BOOKMARK [2][-]{subsection.5.46.1}{\376\377\0005\000.\0004\0006\000.\0001\000\040\000*}{section.5.46}% 146
\BOOKMARK [2][-]{subsection.5.46.2}{\376\377\0005\000.\0004\0006\000.\0002\000\040\000*}{section.5.46}% 147
\BOOKMARK [1][-]{section.5.47}{\376\377\0005\000.\0004\0007\000\040\000C\000a\000t\000c\000h\000:\000:\000M\000e\000s\000s\000a\000g\000e\000I\000n\000f\000o\000\040\000S\000t\000r\000u\000c\000t\000\040\000R\000e\000f\000e\000r\000e\000n\000c\000e}{chapter.5}% 148
\BOOKMARK [2][-]{subsection.5.47.1}{\376\377\0005\000.\0004\0007\000.\0001\000\040\000*}{section.5.47}% 149
\BOOKMARK [2][-]{subsection.5.47.2}{\376\377\0005\000.\0004\0007\000.\0002\000\040\000*}{section.5.47}% 150
\BOOKMARK [1][-]{section.5.48}{\376\377\0005\000.\0004\0008\000\040\000C\000a\000t\000c\000h\000:\000:\000M\000e\000s\000s\000a\000g\000e\000S\000t\000r\000e\000a\000m\000\040\000S\000t\000r\000u\000c\000t\000\040\000R\000e\000f\000e\000r\000e\000n\000c\000e}{chapter.5}% 151
\BOOKMARK [2][-]{subsection.5.48.1}{\376\377\0005\000.\0004\0008\000.\0001\000\040\000*}{section.5.48}% 152
\BOOKMARK [2][-]{subsection.5.48.2}{\376\377\0005\000.\0004\0008\000.\0002\000\040\000*}{section.5.48}% 153
\BOOKMARK [1][-]{section.5.49}{\376\377\0005\000.\0004\0009\000\040\000C\000a\000t\000c\000h\000:\000:\000N\000a\000m\000e\000A\000n\000d\000T\000a\000g\000s\000\040\000S\000t\000r\000u\000c\000t\000\040\000R\000e\000f\000e\000r\000e\000n\000c\000e}{chapter.5}% 154
\BOOKMARK [2][-]{subsection.5.49.1}{\376\377\0005\000.\0004\0009\000.\0001\000\040\000*}{section.5.49}% 155
\BOOKMARK [2][-]{subsection.5.49.2}{\376\377\0005\000.\0004\0009\000.\0002\000\040\000*}{section.5.49}% 156
\BOOKMARK [1][-]{section.5.50}{\376\377\0005\000.\0005\0000\000\040\000C\000a\000t\000c\000h\000:\000:\000N\000o\000n\000C\000o\000p\000y\000a\000b\000l\000e\000\040\000C\000l\000a\000s\000s\000\040\000R\000e\000f\000e\000r\000e\000n\000c\000e}{chapter.5}% 157
\BOOKMARK [1][-]{section.5.51}{\376\377\0005\000.\0005\0001\000\040\000C\000a\000t\000c\000h\000:\000:\000n\000o\000t\000\137\000t\000h\000i\000s\000\137\000o\000n\000e\000\040\000S\000t\000r\000u\000c\000t\000\040\000R\000e\000f\000e\000r\000e\000n\000c\000e}{chapter.5}% 158
\BOOKMARK [1][-]{section.5.52}{\376\377\0005\000.\0005\0002\000\040\000O\000r\000d\000e\000r\000\040\000C\000l\000a\000s\000s\000\040\000R\000e\000f\000e\000r\000e\000n\000c\000e}{chapter.5}% 159
\BOOKMARK [2][-]{subsection.5.52.1}{\376\377\0005\000.\0005\0002\000.\0001\000\040\000*}{section.5.52}% 160
\BOOKMARK [2][-]{subsection.5.52.2}{\376\377\0005\000.\0005\0002\000.\0002\000\040\000*}{section.5.52}% 161
\BOOKMARK [2][-]{subsection.5.52.3}{\376\377\0005\000.\0005\0002\000.\0003\000\040\000D\000e\000t\000a\000i\000l\000e\000d\000\040\000D\000e\000s\000c\000r\000i\000p\000t\000i\000o\000n}{section.5.52}% 162
\BOOKMARK [1][-]{section.5.53}{\376\377\0005\000.\0005\0003\000\040\000C\000a\000t\000c\000h\000:\000:\000p\000l\000u\000r\000a\000l\000i\000s\000e\000\040\000S\000t\000r\000u\000c\000t\000\040\000R\000e\000f\000e\000r\000e\000n\000c\000e}{chapter.5}% 163
\BOOKMARK [2][-]{subsection.5.53.1}{\376\377\0005\000.\0005\0003\000.\0001\000\040\000*}{section.5.53}% 164
\BOOKMARK [2][-]{subsection.5.53.2}{\376\377\0005\000.\0005\0003\000.\0002\000\040\000*}{section.5.53}% 165
\BOOKMARK [2][-]{subsection.5.53.3}{\376\377\0005\000.\0005\0003\000.\0003\000\040\000*}{section.5.53}% 166
\BOOKMARK [1][-]{section.5.54}{\376\377\0005\000.\0005\0004\000\040\000C\000a\000t\000c\000h\000:\000:\000M\000a\000t\000c\000h\000e\000r\000s\000:\000:\000S\000t\000d\000S\000t\000r\000i\000n\000g\000:\000:\000R\000e\000g\000e\000x\000M\000a\000t\000c\000h\000e\000r\000\040\000S\000t\000r\000u\000c\000t\000\040\000R\000e\000f\000e\000r\000e\000n\000c\000e}{chapter.5}% 167
\BOOKMARK [2][-]{subsection.5.54.1}{\376\377\0005\000.\0005\0004\000.\0001\000\040\000*}{section.5.54}% 168
\BOOKMARK [2][-]{subsection.5.54.2}{\376\377\0005\000.\0005\0004\000.\0002\000\040\000*}{section.5.54}% 169
\BOOKMARK [1][-]{section.5.55}{\376\377\0005\000.\0005\0005\000\040\000C\000a\000t\000c\000h\000:\000:\000R\000e\000g\000i\000s\000t\000r\000a\000r\000F\000o\000r\000T\000a\000g\000A\000l\000i\000a\000s\000e\000s\000\040\000S\000t\000r\000u\000c\000t\000\040\000R\000e\000f\000e\000r\000e\000n\000c\000e}{chapter.5}% 170
\BOOKMARK [2][-]{subsection.5.55.1}{\376\377\0005\000.\0005\0005\000.\0001\000\040\000*}{section.5.55}% 171
\BOOKMARK [1][-]{section.5.56}{\376\377\0005\000.\0005\0006\000\040\000C\000a\000t\000c\000h\000:\000:\000R\000e\000s\000u\000l\000t\000D\000i\000s\000p\000o\000s\000i\000t\000i\000o\000n\000\040\000S\000t\000r\000u\000c\000t\000\040\000R\000e\000f\000e\000r\000e\000n\000c\000e}{chapter.5}% 172
\BOOKMARK [2][-]{subsection.5.56.1}{\376\377\0005\000.\0005\0006\000.\0001\000\040\000*}{section.5.56}% 173
\BOOKMARK [1][-]{section.5.57}{\376\377\0005\000.\0005\0007\000\040\000C\000a\000t\000c\000h\000:\000:\000R\000e\000s\000u\000l\000t\000W\000a\000s\000\040\000S\000t\000r\000u\000c\000t\000\040\000R\000e\000f\000e\000r\000e\000n\000c\000e}{chapter.5}% 174
\BOOKMARK [2][-]{subsection.5.57.1}{\376\377\0005\000.\0005\0007\000.\0001\000\040\000*}{section.5.57}% 175
\BOOKMARK [1][-]{section.5.58}{\376\377\0005\000.\0005\0008\000\040\000C\000a\000t\000c\000h\000:\000:\000R\000e\000u\000s\000a\000b\000l\000e\000S\000t\000r\000i\000n\000g\000S\000t\000r\000e\000a\000m\000\040\000C\000l\000a\000s\000s\000\040\000R\000e\000f\000e\000r\000e\000n\000c\000e}{chapter.5}% 176
\BOOKMARK [2][-]{subsection.5.58.1}{\376\377\0005\000.\0005\0008\000.\0001\000\040\000*}{section.5.58}% 177
\BOOKMARK [2][-]{subsection.5.58.2}{\376\377\0005\000.\0005\0008\000.\0002\000\040\000*}{section.5.58}% 178
\BOOKMARK [1][-]{section.5.59}{\376\377\0005\000.\0005\0009\000\040\000C\000a\000t\000c\000h\000:\000:\000S\000c\000o\000p\000e\000d\000M\000e\000s\000s\000a\000g\000e\000\040\000C\000l\000a\000s\000s\000\040\000R\000e\000f\000e\000r\000e\000n\000c\000e}{chapter.5}% 179
\BOOKMARK [2][-]{subsection.5.59.1}{\376\377\0005\000.\0005\0009\000.\0001\000\040\000*}{section.5.59}% 180
\BOOKMARK [2][-]{subsection.5.59.2}{\376\377\0005\000.\0005\0009\000.\0002\000\040\000*}{section.5.59}% 181
\BOOKMARK [1][-]{section.5.60}{\376\377\0005\000.\0006\0000\000\040\000C\000a\000t\000c\000h\000:\000:\000S\000e\000c\000t\000i\000o\000n\000\040\000C\000l\000a\000s\000s\000\040\000R\000e\000f\000e\000r\000e\000n\000c\000e}{chapter.5}% 182
\BOOKMARK [2][-]{subsection.5.60.1}{\376\377\0005\000.\0006\0000\000.\0001\000\040\000*}{section.5.60}% 183
\BOOKMARK [1][-]{section.5.61}{\376\377\0005\000.\0006\0001\000\040\000C\000a\000t\000c\000h\000:\000:\000S\000e\000c\000t\000i\000o\000n\000E\000n\000d\000I\000n\000f\000o\000\040\000S\000t\000r\000u\000c\000t\000\040\000R\000e\000f\000e\000r\000e\000n\000c\000e}{chapter.5}% 184
\BOOKMARK [2][-]{subsection.5.61.1}{\376\377\0005\000.\0006\0001\000.\0001\000\040\000*}{section.5.61}% 185
\BOOKMARK [2][-]{subsection.5.61.2}{\376\377\0005\000.\0006\0001\000.\0002\000\040\000*}{section.5.61}% 186
\BOOKMARK [1][-]{section.5.62}{\376\377\0005\000.\0006\0002\000\040\000C\000a\000t\000c\000h\000:\000:\000S\000e\000c\000t\000i\000o\000n\000I\000n\000f\000o\000\040\000S\000t\000r\000u\000c\000t\000\040\000R\000e\000f\000e\000r\000e\000n\000c\000e}{chapter.5}% 187
\BOOKMARK [2][-]{subsection.5.62.1}{\376\377\0005\000.\0006\0002\000.\0001\000\040\000*}{section.5.62}% 188
\BOOKMARK [2][-]{subsection.5.62.2}{\376\377\0005\000.\0006\0002\000.\0002\000\040\000*}{section.5.62}% 189
\BOOKMARK [1][-]{section.5.63}{\376\377\0005\000.\0006\0003\000\040\000C\000a\000t\000c\000h\000:\000:\000S\000o\000u\000r\000c\000e\000L\000i\000n\000e\000I\000n\000f\000o\000\040\000S\000t\000r\000u\000c\000t\000\040\000R\000e\000f\000e\000r\000e\000n\000c\000e}{chapter.5}% 190
\BOOKMARK [2][-]{subsection.5.63.1}{\376\377\0005\000.\0006\0003\000.\0001\000\040\000*}{section.5.63}% 191
\BOOKMARK [2][-]{subsection.5.63.2}{\376\377\0005\000.\0006\0003\000.\0002\000\040\000*}{section.5.63}% 192
\BOOKMARK [1][-]{section.5.64}{\376\377\0005\000.\0006\0004\000\040\000C\000a\000t\000c\000h\000:\000:\000M\000a\000t\000c\000h\000e\000r\000s\000:\000:\000S\000t\000d\000S\000t\000r\000i\000n\000g\000:\000:\000S\000t\000a\000r\000t\000s\000W\000i\000t\000h\000M\000a\000t\000c\000h\000e\000r\000\040\000S\000t\000r\000u\000c\000t\000\040\000R\000e\000f\000e\000r\000e\000n\000c\000e}{chapter.5}% 193
\BOOKMARK [2][-]{subsection.5.64.1}{\376\377\0005\000.\0006\0004\000.\0001\000\040\000*}{section.5.64}% 194
\BOOKMARK [2][-]{subsection.5.64.2}{\376\377\0005\000.\0006\0004\000.\0002\000\040\000*}{section.5.64}% 195
\BOOKMARK [1][-]{section.5.65}{\376\377\0005\000.\0006\0005\000\040\000C\000a\000t\000c\000h\000:\000:\000S\000t\000r\000e\000a\000m\000E\000n\000d\000S\000t\000o\000p\000\040\000S\000t\000r\000u\000c\000t\000\040\000R\000e\000f\000e\000r\000e\000n\000c\000e}{chapter.5}% 196
\BOOKMARK [2][-]{subsection.5.65.1}{\376\377\0005\000.\0006\0005\000.\0001\000\040\000*}{section.5.65}% 197
\BOOKMARK [1][-]{section.5.66}{\376\377\0005\000.\0006\0006\000\040\000C\000a\000t\000c\000h\000:\000:\000S\000t\000r\000i\000n\000g\000M\000a\000k\000e\000r\000<\000\040\000T\000,\000\040\000t\000y\000p\000e\000n\000a\000m\000e\000\040\000>\000\040\000S\000t\000r\000u\000c\000t\000\040\000T\000e\000m\000p\000l\000a\000t\000e\000\040\000R\000e\000f\000e\000r\000e\000n\000c\000e}{chapter.5}% 198
\BOOKMARK [2][-]{subsection.5.66.1}{\376\377\0005\000.\0006\0006\000.\0001\000\040\000*}{section.5.66}% 199
\BOOKMARK [1][-]{section.5.67}{\376\377\0005\000.\0006\0007\000\040\000C\000a\000t\000c\000h\000:\000:\000S\000t\000r\000i\000n\000g\000M\000a\000k\000e\000r\000<\000\040\000b\000o\000o\000l\000\040\000>\000\040\000S\000t\000r\000u\000c\000t\000\040\000T\000e\000m\000p\000l\000a\000t\000e\000\040\000R\000e\000f\000e\000r\000e\000n\000c\000e}{chapter.5}% 200
\BOOKMARK [2][-]{subsection.5.67.1}{\376\377\0005\000.\0006\0007\000.\0001\000\040\000*}{section.5.67}% 201
\BOOKMARK [1][-]{section.5.68}{\376\377\0005\000.\0006\0008\000\040\000C\000a\000t\000c\000h\000:\000:\000S\000t\000r\000i\000n\000g\000M\000a\000k\000e\000r\000<\000\040\000C\000a\000t\000c\000h\000:\000:\000D\000e\000t\000a\000i\000l\000:\000:\000A\000p\000p\000r\000o\000x\000\040\000>\000\040\000S\000t\000r\000u\000c\000t\000\040\000T\000e\000m\000p\000l\000a\000t\000e\000\040\000R\000e\000f\000e\000r\000e\000n\000c\000e}{chapter.5}% 202
\BOOKMARK [2][-]{subsection.5.68.1}{\376\377\0005\000.\0006\0008\000.\0001\000\040\000*}{section.5.68}% 203
\BOOKMARK [1][-]{section.5.69}{\376\377\0005\000.\0006\0009\000\040\000C\000a\000t\000c\000h\000:\000:\000S\000t\000r\000i\000n\000g\000M\000a\000k\000e\000r\000<\000\040\000c\000h\000a\000r\000\040\000\040\000>\000\040\000S\000t\000r\000u\000c\000t\000\040\000T\000e\000m\000p\000l\000a\000t\000e\000\040\000R\000e\000f\000e\000r\000e\000n\000c\000e}{chapter.5}% 204
\BOOKMARK [2][-]{subsection.5.69.1}{\376\377\0005\000.\0006\0009\000.\0001\000\040\000*}{section.5.69}% 205
\BOOKMARK [1][-]{section.5.70}{\376\377\0005\000.\0007\0000\000\040\000C\000a\000t\000c\000h\000:\000:\000S\000t\000r\000i\000n\000g\000M\000a\000k\000e\000r\000<\000\040\000c\000h\000a\000r\000\040\000>\000\040\000S\000t\000r\000u\000c\000t\000\040\000T\000e\000m\000p\000l\000a\000t\000e\000\040\000R\000e\000f\000e\000r\000e\000n\000c\000e}{chapter.5}% 206
\BOOKMARK [2][-]{subsection.5.70.1}{\376\377\0005\000.\0007\0000\000.\0001\000\040\000*}{section.5.70}% 207
\BOOKMARK [1][-]{section.5.71}{\376\377\0005\000.\0007\0001\000\040\000C\000a\000t\000c\000h\000:\000:\000S\000t\000r\000i\000n\000g\000M\000a\000k\000e\000r\000<\000\040\000c\000h\000a\000r\000\040\000c\000o\000n\000s\000t\000\040\000\040\000>\000\040\000S\000t\000r\000u\000c\000t\000\040\000T\000e\000m\000p\000l\000a\000t\000e\000\040\000R\000e\000f\000e\000r\000e\000n\000c\000e}{chapter.5}% 208
\BOOKMARK [2][-]{subsection.5.71.1}{\376\377\0005\000.\0007\0001\000.\0001\000\040\000*}{section.5.71}% 209
\BOOKMARK [1][-]{section.5.72}{\376\377\0005\000.\0007\0002\000\040\000C\000a\000t\000c\000h\000:\000:\000S\000t\000r\000i\000n\000g\000M\000a\000k\000e\000r\000<\000\040\000c\000h\000a\000r\000[\000S\000Z\000]\000>\000\040\000S\000t\000r\000u\000c\000t\000\040\000T\000e\000m\000p\000l\000a\000t\000e\000\040\000R\000e\000f\000e\000r\000e\000n\000c\000e}{chapter.5}% 210
\BOOKMARK [2][-]{subsection.5.72.1}{\376\377\0005\000.\0007\0002\000.\0001\000\040\000*}{section.5.72}% 211
\BOOKMARK [1][-]{section.5.73}{\376\377\0005\000.\0007\0003\000\040\000C\000a\000t\000c\000h\000:\000:\000S\000t\000r\000i\000n\000g\000M\000a\000k\000e\000r\000<\000\040\000d\000o\000u\000b\000l\000e\000\040\000>\000\040\000S\000t\000r\000u\000c\000t\000\040\000T\000e\000m\000p\000l\000a\000t\000e\000\040\000R\000e\000f\000e\000r\000e\000n\000c\000e}{chapter.5}% 212
\BOOKMARK [2][-]{subsection.5.73.1}{\376\377\0005\000.\0007\0003\000.\0001\000\040\000*}{section.5.73}% 213
\BOOKMARK [1][-]{section.5.74}{\376\377\0005\000.\0007\0004\000\040\000C\000a\000t\000c\000h\000:\000:\000S\000t\000r\000i\000n\000g\000M\000a\000k\000e\000r\000<\000\040\000f\000l\000o\000a\000t\000\040\000>\000\040\000S\000t\000r\000u\000c\000t\000\040\000T\000e\000m\000p\000l\000a\000t\000e\000\040\000R\000e\000f\000e\000r\000e\000n\000c\000e}{chapter.5}% 214
\BOOKMARK [2][-]{subsection.5.74.1}{\376\377\0005\000.\0007\0004\000.\0001\000\040\000*}{section.5.74}% 215
\BOOKMARK [1][-]{section.5.75}{\376\377\0005\000.\0007\0005\000\040\000C\000a\000t\000c\000h\000:\000:\000S\000t\000r\000i\000n\000g\000M\000a\000k\000e\000r\000<\000\040\000i\000n\000t\000\040\000>\000\040\000S\000t\000r\000u\000c\000t\000\040\000T\000e\000m\000p\000l\000a\000t\000e\000\040\000R\000e\000f\000e\000r\000e\000n\000c\000e}{chapter.5}% 216
\BOOKMARK [2][-]{subsection.5.75.1}{\376\377\0005\000.\0007\0005\000.\0001\000\040\000*}{section.5.75}% 217
\BOOKMARK [1][-]{section.5.76}{\376\377\0005\000.\0007\0006\000\040\000C\000a\000t\000c\000h\000:\000:\000S\000t\000r\000i\000n\000g\000M\000a\000k\000e\000r\000<\000\040\000l\000o\000n\000g\000\040\000>\000\040\000S\000t\000r\000u\000c\000t\000\040\000T\000e\000m\000p\000l\000a\000t\000e\000\040\000R\000e\000f\000e\000r\000e\000n\000c\000e}{chapter.5}% 218
\BOOKMARK [2][-]{subsection.5.76.1}{\376\377\0005\000.\0007\0006\000.\0001\000\040\000*}{section.5.76}% 219
\BOOKMARK [1][-]{section.5.77}{\376\377\0005\000.\0007\0007\000\040\000C\000a\000t\000c\000h\000:\000:\000S\000t\000r\000i\000n\000g\000M\000a\000k\000e\000r\000<\000\040\000l\000o\000n\000g\000\040\000l\000o\000n\000g\000\040\000>\000\040\000S\000t\000r\000u\000c\000t\000\040\000T\000e\000m\000p\000l\000a\000t\000e\000\040\000R\000e\000f\000e\000r\000e\000n\000c\000e}{chapter.5}% 220
\BOOKMARK [2][-]{subsection.5.77.1}{\376\377\0005\000.\0007\0007\000.\0001\000\040\000*}{section.5.77}% 221
\BOOKMARK [1][-]{section.5.78}{\376\377\0005\000.\0007\0008\000\040\000C\000a\000t\000c\000h\000:\000:\000S\000t\000r\000i\000n\000g\000M\000a\000k\000e\000r\000<\000\040\000R\000\040\000C\000:\000:\000\040\000>\000\040\000S\000t\000r\000u\000c\000t\000\040\000T\000e\000m\000p\000l\000a\000t\000e\000\040\000R\000e\000f\000e\000r\000e\000n\000c\000e}{chapter.5}% 222
\BOOKMARK [2][-]{subsection.5.78.1}{\376\377\0005\000.\0007\0008\000.\0001\000\040\000*}{section.5.78}% 223
\BOOKMARK [1][-]{section.5.79}{\376\377\0005\000.\0007\0009\000\040\000C\000a\000t\000c\000h\000:\000:\000S\000t\000r\000i\000n\000g\000M\000a\000k\000e\000r\000<\000\040\000R\000,\000\040\000t\000y\000p\000e\000n\000a\000m\000e\000\040\000s\000t\000d\000:\000:\000e\000n\000a\000b\000l\000e\000\137\000i\000f\000<\000\040\000i\000s\000\137\000r\000a\000n\000g\000e\000<\000\040\000R\000\040\000>\000:\000:\000v\000a\000l\000u\000e\000\040\000\046\000\046\000!\000:\000:\000C\000a\000t\000c\000h\000:\000:\000D\000e\000t\000a\000i\000l\000:\000:\000I\000s\000S\000t\000r\000e\000a\000m\000I\000n\000s\000e\000r\000t\000a\000b\000l\000e\000<\000\040\000R\000\040\000>\000:\000:\000v\000a\000l\000u\000e\000\040\000>\000:\000:\000t\000y\000p\000e\000\040\000>\000\040\000S\000t\000r\000u\000c\000t\000\040\000T\000e\000m\000p\000l\000a\000t\000e\000\040\000R\000e\000f\000e\000r\000e\000n\000c\000e}{chapter.5}% 224
\BOOKMARK [2][-]{subsection.5.79.1}{\376\377\0005\000.\0007\0009\000.\0001\000\040\000*}{section.5.79}% 225
\BOOKMARK [1][-]{section.5.80}{\376\377\0005\000.\0008\0000\000\040\000C\000a\000t\000c\000h\000:\000:\000S\000t\000r\000i\000n\000g\000M\000a\000k\000e\000r\000<\000\040\000s\000i\000g\000n\000e\000d\000\040\000c\000h\000a\000r\000\040\000>\000\040\000S\000t\000r\000u\000c\000t\000\040\000T\000e\000m\000p\000l\000a\000t\000e\000\040\000R\000e\000f\000e\000r\000e\000n\000c\000e}{chapter.5}% 226
\BOOKMARK [2][-]{subsection.5.80.1}{\376\377\0005\000.\0008\0000\000.\0001\000\040\000*}{section.5.80}% 227
\BOOKMARK [1][-]{section.5.81}{\376\377\0005\000.\0008\0001\000\040\000C\000a\000t\000c\000h\000:\000:\000S\000t\000r\000i\000n\000g\000M\000a\000k\000e\000r\000<\000\040\000s\000i\000g\000n\000e\000d\000\040\000c\000h\000a\000r\000[\000S\000Z\000]\000>\000\040\000S\000t\000r\000u\000c\000t\000\040\000T\000e\000m\000p\000l\000a\000t\000e\000\040\000R\000e\000f\000e\000r\000e\000n\000c\000e}{chapter.5}% 228
\BOOKMARK [2][-]{subsection.5.81.1}{\376\377\0005\000.\0008\0001\000.\0001\000\040\000*}{section.5.81}% 229
\BOOKMARK [1][-]{section.5.82}{\376\377\0005\000.\0008\0002\000\040\000C\000a\000t\000c\000h\000:\000:\000S\000t\000r\000i\000n\000g\000M\000a\000k\000e\000r\000<\000\040\000s\000t\000d\000:\000:\000n\000u\000l\000l\000p\000t\000r\000\137\000t\000\040\000>\000\040\000S\000t\000r\000u\000c\000t\000\040\000T\000e\000m\000p\000l\000a\000t\000e\000\040\000R\000e\000f\000e\000r\000e\000n\000c\000e}{chapter.5}% 230
\BOOKMARK [2][-]{subsection.5.82.1}{\376\377\0005\000.\0008\0002\000.\0001\000\040\000*}{section.5.82}% 231
\BOOKMARK [1][-]{section.5.83}{\376\377\0005\000.\0008\0003\000\040\000C\000a\000t\000c\000h\000:\000:\000S\000t\000r\000i\000n\000g\000M\000a\000k\000e\000r\000<\000\040\000s\000t\000d\000:\000:\000s\000t\000r\000i\000n\000g\000\040\000>\000\040\000S\000t\000r\000u\000c\000t\000\040\000T\000e\000m\000p\000l\000a\000t\000e\000\040\000R\000e\000f\000e\000r\000e\000n\000c\000e}{chapter.5}% 232
\BOOKMARK [2][-]{subsection.5.83.1}{\376\377\0005\000.\0008\0003\000.\0001\000\040\000*}{section.5.83}% 233
\BOOKMARK [1][-]{section.5.84}{\376\377\0005\000.\0008\0004\000\040\000C\000a\000t\000c\000h\000:\000:\000S\000t\000r\000i\000n\000g\000M\000a\000k\000e\000r\000<\000\040\000s\000t\000d\000:\000:\000w\000s\000t\000r\000i\000n\000g\000\040\000>\000\040\000S\000t\000r\000u\000c\000t\000\040\000T\000e\000m\000p\000l\000a\000t\000e\000\040\000R\000e\000f\000e\000r\000e\000n\000c\000e}{chapter.5}% 234
\BOOKMARK [2][-]{subsection.5.84.1}{\376\377\0005\000.\0008\0004\000.\0001\000\040\000*}{section.5.84}% 235
\BOOKMARK [1][-]{section.5.85}{\376\377\0005\000.\0008\0005\000\040\000C\000a\000t\000c\000h\000:\000:\000S\000t\000r\000i\000n\000g\000M\000a\000k\000e\000r\000<\000\040\000T\000\040\000\040\000>\000\040\000S\000t\000r\000u\000c\000t\000\040\000T\000e\000m\000p\000l\000a\000t\000e\000\040\000R\000e\000f\000e\000r\000e\000n\000c\000e}{chapter.5}% 236
\BOOKMARK [2][-]{subsection.5.85.1}{\376\377\0005\000.\0008\0005\000.\0001\000\040\000*}{section.5.85}% 237
\BOOKMARK [1][-]{section.5.86}{\376\377\0005\000.\0008\0006\000\040\000C\000a\000t\000c\000h\000:\000:\000S\000t\000r\000i\000n\000g\000M\000a\000k\000e\000r\000<\000\040\000T\000[\000S\000Z\000]\000>\000\040\000S\000t\000r\000u\000c\000t\000\040\000T\000e\000m\000p\000l\000a\000t\000e\000\040\000R\000e\000f\000e\000r\000e\000n\000c\000e}{chapter.5}% 238
\BOOKMARK [2][-]{subsection.5.86.1}{\376\377\0005\000.\0008\0006\000.\0001\000\040\000*}{section.5.86}% 239
\BOOKMARK [1][-]{section.5.87}{\376\377\0005\000.\0008\0007\000\040\000C\000a\000t\000c\000h\000:\000:\000S\000t\000r\000i\000n\000g\000M\000a\000k\000e\000r\000<\000\040\000u\000n\000s\000i\000g\000n\000e\000d\000\040\000c\000h\000a\000r\000\040\000>\000\040\000S\000t\000r\000u\000c\000t\000\040\000T\000e\000m\000p\000l\000a\000t\000e\000\040\000R\000e\000f\000e\000r\000e\000n\000c\000e}{chapter.5}% 240
\BOOKMARK [2][-]{subsection.5.87.1}{\376\377\0005\000.\0008\0007\000.\0001\000\040\000*}{section.5.87}% 241
\BOOKMARK [1][-]{section.5.88}{\376\377\0005\000.\0008\0008\000\040\000C\000a\000t\000c\000h\000:\000:\000S\000t\000r\000i\000n\000g\000M\000a\000k\000e\000r\000<\000\040\000u\000n\000s\000i\000g\000n\000e\000d\000\040\000c\000h\000a\000r\000[\000S\000Z\000]\000>\000\040\000S\000t\000r\000u\000c\000t\000\040\000T\000e\000m\000p\000l\000a\000t\000e\000\040\000R\000e\000f\000e\000r\000e\000n\000c\000e}{chapter.5}% 242
\BOOKMARK [2][-]{subsection.5.88.1}{\376\377\0005\000.\0008\0008\000.\0001\000\040\000*}{section.5.88}% 243
\BOOKMARK [1][-]{section.5.89}{\376\377\0005\000.\0008\0009\000\040\000C\000a\000t\000c\000h\000:\000:\000S\000t\000r\000i\000n\000g\000M\000a\000k\000e\000r\000<\000\040\000u\000n\000s\000i\000g\000n\000e\000d\000\040\000i\000n\000t\000\040\000>\000\040\000S\000t\000r\000u\000c\000t\000\040\000T\000e\000m\000p\000l\000a\000t\000e\000\040\000R\000e\000f\000e\000r\000e\000n\000c\000e}{chapter.5}% 244
\BOOKMARK [2][-]{subsection.5.89.1}{\376\377\0005\000.\0008\0009\000.\0001\000\040\000*}{section.5.89}% 245
\BOOKMARK [1][-]{section.5.90}{\376\377\0005\000.\0009\0000\000\040\000C\000a\000t\000c\000h\000:\000:\000S\000t\000r\000i\000n\000g\000M\000a\000k\000e\000r\000<\000\040\000u\000n\000s\000i\000g\000n\000e\000d\000\040\000l\000o\000n\000g\000\040\000>\000\040\000S\000t\000r\000u\000c\000t\000\040\000T\000e\000m\000p\000l\000a\000t\000e\000\040\000R\000e\000f\000e\000r\000e\000n\000c\000e}{chapter.5}% 246
\BOOKMARK [2][-]{subsection.5.90.1}{\376\377\0005\000.\0009\0000\000.\0001\000\040\000*}{section.5.90}% 247
\BOOKMARK [1][-]{section.5.91}{\376\377\0005\000.\0009\0001\000\040\000C\000a\000t\000c\000h\000:\000:\000S\000t\000r\000i\000n\000g\000M\000a\000k\000e\000r\000<\000\040\000u\000n\000s\000i\000g\000n\000e\000d\000\040\000l\000o\000n\000g\000\040\000l\000o\000n\000g\000\040\000>\000\040\000S\000t\000r\000u\000c\000t\000\040\000T\000e\000m\000p\000l\000a\000t\000e\000\040\000R\000e\000f\000e\000r\000e\000n\000c\000e}{chapter.5}% 248
\BOOKMARK [2][-]{subsection.5.91.1}{\376\377\0005\000.\0009\0001\000.\0001\000\040\000*}{section.5.91}% 249
\BOOKMARK [1][-]{section.5.92}{\376\377\0005\000.\0009\0002\000\040\000C\000a\000t\000c\000h\000:\000:\000S\000t\000r\000i\000n\000g\000M\000a\000k\000e\000r\000<\000\040\000w\000c\000h\000a\000r\000\137\000t\000\040\000\040\000>\000\040\000S\000t\000r\000u\000c\000t\000\040\000T\000e\000m\000p\000l\000a\000t\000e\000\040\000R\000e\000f\000e\000r\000e\000n\000c\000e}{chapter.5}% 250
\BOOKMARK [2][-]{subsection.5.92.1}{\376\377\0005\000.\0009\0002\000.\0001\000\040\000*}{section.5.92}% 251
\BOOKMARK [1][-]{section.5.93}{\376\377\0005\000.\0009\0003\000\040\000C\000a\000t\000c\000h\000:\000:\000S\000t\000r\000i\000n\000g\000M\000a\000k\000e\000r\000<\000\040\000w\000c\000h\000a\000r\000\137\000t\000\040\000c\000o\000n\000s\000t\000\040\000\040\000>\000\040\000S\000t\000r\000u\000c\000t\000\040\000T\000e\000m\000p\000l\000a\000t\000e\000\040\000R\000e\000f\000e\000r\000e\000n\000c\000e}{chapter.5}% 252
\BOOKMARK [2][-]{subsection.5.93.1}{\376\377\0005\000.\0009\0003\000.\0001\000\040\000*}{section.5.93}% 253
\BOOKMARK [1][-]{section.5.94}{\376\377\0005\000.\0009\0004\000\040\000C\000a\000t\000c\000h\000:\000:\000M\000a\000t\000c\000h\000e\000r\000s\000:\000:\000S\000t\000d\000S\000t\000r\000i\000n\000g\000:\000:\000S\000t\000r\000i\000n\000g\000M\000a\000t\000c\000h\000e\000r\000B\000a\000s\000e\000\040\000S\000t\000r\000u\000c\000t\000\040\000R\000e\000f\000e\000r\000e\000n\000c\000e}{chapter.5}% 254
\BOOKMARK [2][-]{subsection.5.94.1}{\376\377\0005\000.\0009\0004\000.\0001\000\040\000*}{section.5.94}% 255
\BOOKMARK [2][-]{subsection.5.94.2}{\376\377\0005\000.\0009\0004\000.\0002\000\040\000*}{section.5.94}% 256
\BOOKMARK [2][-]{subsection.5.94.3}{\376\377\0005\000.\0009\0004\000.\0003\000\040\000*}{section.5.94}% 257
\BOOKMARK [1][-]{section.5.95}{\376\377\0005\000.\0009\0005\000\040\000C\000a\000t\000c\000h\000:\000:\000S\000t\000r\000i\000n\000g\000R\000e\000f\000\040\000C\000l\000a\000s\000s\000\040\000R\000e\000f\000e\000r\000e\000n\000c\000e}{chapter.5}% 258
\BOOKMARK [2][-]{subsection.5.95.1}{\376\377\0005\000.\0009\0005\000.\0001\000\040\000*}{section.5.95}% 259
\BOOKMARK [2][-]{subsection.5.95.2}{\376\377\0005\000.\0009\0005\000.\0002\000\040\000*}{section.5.95}% 260
\BOOKMARK [2][-]{subsection.5.95.3}{\376\377\0005\000.\0009\0005\000.\0003\000\040\000*}{section.5.95}% 261
\BOOKMARK [2][-]{subsection.5.95.4}{\376\377\0005\000.\0009\0005\000.\0004\000\040\000D\000e\000t\000a\000i\000l\000e\000d\000\040\000D\000e\000s\000c\000r\000i\000p\000t\000i\000o\000n}{section.5.95}% 262
\BOOKMARK [1][-]{section.5.96}{\376\377\0005\000.\0009\0006\000\040\000S\000u\000p\000p\000l\000y\000R\000u\000n\000n\000e\000r\000\040\000C\000l\000a\000s\000s\000\040\000R\000e\000f\000e\000r\000e\000n\000c\000e}{chapter.5}% 263
\BOOKMARK [2][-]{subsection.5.96.1}{\376\377\0005\000.\0009\0006\000.\0001\000\040\000*}{section.5.96}% 264
\BOOKMARK [2][-]{subsection.5.96.2}{\376\377\0005\000.\0009\0006\000.\0002\000\040\000D\000e\000t\000a\000i\000l\000e\000d\000\040\000D\000e\000s\000c\000r\000i\000p\000t\000i\000o\000n}{section.5.96}% 265
\BOOKMARK [2][-]{subsection.5.96.3}{\376\377\0005\000.\0009\0006\000.\0003\000\040\000M\000e\000m\000b\000e\000r\000\040\000F\000u\000n\000c\000t\000i\000o\000n\000\040\000D\000o\000c\000u\000m\000e\000n\000t\000a\000t\000i\000o\000n}{section.5.96}% 266
\BOOKMARK [3][-]{subsubsection.5.96.3.1}{\376\377\0005\000.\0009\0006\000.\0003\000.\0001\000\040\000g\000e\000t\000\137\000i\000n\000g\000r\000e\000d\000i\000e\000n\000t\000s\000\050\000\051}{subsection.5.96.3}% 267
\BOOKMARK [1][-]{section.5.97}{\376\377\0005\000.\0009\0007\000\040\000C\000a\000t\000c\000h\000:\000:\000T\000e\000s\000t\000C\000a\000s\000e\000\040\000C\000l\000a\000s\000s\000\040\000R\000e\000f\000e\000r\000e\000n\000c\000e}{chapter.5}% 268
\BOOKMARK [2][-]{subsection.5.97.1}{\376\377\0005\000.\0009\0007\000.\0001\000\040\000*}{section.5.97}% 269
\BOOKMARK [2][-]{subsection.5.97.2}{\376\377\0005\000.\0009\0007\000.\0002\000\040\000*}{section.5.97}% 270
\BOOKMARK [1][-]{section.5.98}{\376\377\0005\000.\0009\0008\000\040\000C\000a\000t\000c\000h\000:\000:\000T\000e\000s\000t\000C\000a\000s\000e\000I\000n\000f\000o\000\040\000S\000t\000r\000u\000c\000t\000\040\000R\000e\000f\000e\000r\000e\000n\000c\000e}{chapter.5}% 271
\BOOKMARK [2][-]{subsection.5.98.1}{\376\377\0005\000.\0009\0008\000.\0001\000\040\000*}{section.5.98}% 272
\BOOKMARK [2][-]{subsection.5.98.2}{\376\377\0005\000.\0009\0008\000.\0002\000\040\000*}{section.5.98}% 273
\BOOKMARK [2][-]{subsection.5.98.3}{\376\377\0005\000.\0009\0008\000.\0003\000\040\000*}{section.5.98}% 274
\BOOKMARK [2][-]{subsection.5.98.4}{\376\377\0005\000.\0009\0008\000.\0004\000\040\000*}{section.5.98}% 275
\BOOKMARK [1][-]{section.5.99}{\376\377\0005\000.\0009\0009\000\040\000C\000a\000t\000c\000h\000:\000:\000T\000e\000s\000t\000F\000a\000i\000l\000u\000r\000e\000E\000x\000c\000e\000p\000t\000i\000o\000n\000\040\000S\000t\000r\000u\000c\000t\000\040\000R\000e\000f\000e\000r\000e\000n\000c\000e}{chapter.5}% 276
\BOOKMARK [1][-]{section.5.100}{\376\377\0005\000.\0001\0000\0000\000\040\000C\000a\000t\000c\000h\000:\000:\000T\000e\000s\000t\000I\000n\000v\000o\000k\000e\000r\000A\000s\000M\000e\000t\000h\000o\000d\000<\000\040\000C\000\040\000>\000\040\000C\000l\000a\000s\000s\000\040\000T\000e\000m\000p\000l\000a\000t\000e\000\040\000R\000e\000f\000e\000r\000e\000n\000c\000e}{chapter.5}% 277
\BOOKMARK [2][-]{subsection.5.100.1}{\376\377\0005\000.\0001\0000\0000\000.\0001\000\040\000*}{section.5.100}% 278
\BOOKMARK [1][-]{section.5.101}{\376\377\0005\000.\0001\0000\0001\000\040\000C\000a\000t\000c\000h\000:\000:\000T\000i\000m\000e\000r\000\040\000C\000l\000a\000s\000s\000\040\000R\000e\000f\000e\000r\000e\000n\000c\000e}{chapter.5}% 279
\BOOKMARK [2][-]{subsection.5.101.1}{\376\377\0005\000.\0001\0000\0001\000.\0001\000\040\000*}{section.5.101}% 280
\BOOKMARK [1][-]{section.5.102}{\376\377\0005\000.\0001\0000\0002\000\040\000C\000a\000t\000c\000h\000:\000:\000T\000o\000t\000a\000l\000s\000\040\000S\000t\000r\000u\000c\000t\000\040\000R\000e\000f\000e\000r\000e\000n\000c\000e}{chapter.5}% 281
\BOOKMARK [2][-]{subsection.5.102.1}{\376\377\0005\000.\0001\0000\0002\000.\0001\000\040\000*}{section.5.102}% 282
\BOOKMARK [2][-]{subsection.5.102.2}{\376\377\0005\000.\0001\0000\0002\000.\0002\000\040\000*}{section.5.102}% 283
\BOOKMARK [1][-]{section.5.103}{\376\377\0005\000.\0001\0000\0003\000\040\000C\000a\000t\000c\000h\000:\000:\000U\000n\000a\000r\000y\000E\000x\000p\000r\000<\000\040\000L\000h\000s\000T\000\040\000>\000\040\000C\000l\000a\000s\000s\000\040\000T\000e\000m\000p\000l\000a\000t\000e\000\040\000R\000e\000f\000e\000r\000e\000n\000c\000e}{chapter.5}% 284
\BOOKMARK [2][-]{subsection.5.103.1}{\376\377\0005\000.\0001\0000\0003\000.\0001\000\040\000*}{section.5.103}% 285
\BOOKMARK [2][-]{subsection.5.103.2}{\376\377\0005\000.\0001\0000\0003\000.\0002\000\040\000*}{section.5.103}% 286
\BOOKMARK [1][-]{section.5.104}{\376\377\0005\000.\0001\0000\0004\000\040\000C\000a\000t\000c\000h\000:\000:\000M\000a\000t\000c\000h\000e\000r\000s\000:\000:\000V\000e\000c\000t\000o\000r\000:\000:\000U\000n\000o\000r\000d\000e\000r\000e\000d\000E\000q\000u\000a\000l\000s\000M\000a\000t\000c\000h\000e\000r\000<\000\040\000T\000\040\000>\000\040\000S\000t\000r\000u\000c\000t\000\040\000T\000e\000m\000p\000l\000a\000t\000e\000\040\000R\000e\000f\000e\000r\000e\000n\000c\000e}{chapter.5}% 287
\BOOKMARK [2][-]{subsection.5.104.1}{\376\377\0005\000.\0001\0000\0004\000.\0001\000\040\000*}{section.5.104}% 288
\BOOKMARK [2][-]{subsection.5.104.2}{\376\377\0005\000.\0001\0000\0004\000.\0002\000\040\000*}{section.5.104}% 289
\BOOKMARK [1][-]{section.5.105}{\376\377\0005\000.\0001\0000\0005\000\040\000C\000a\000t\000c\000h\000:\000:\000M\000a\000t\000c\000h\000e\000r\000s\000:\000:\000F\000l\000o\000a\000t\000i\000n\000g\000:\000:\000W\000i\000t\000h\000i\000n\000A\000b\000s\000M\000a\000t\000c\000h\000e\000r\000\040\000S\000t\000r\000u\000c\000t\000\040\000R\000e\000f\000e\000r\000e\000n\000c\000e}{chapter.5}% 290
\BOOKMARK [2][-]{subsection.5.105.1}{\376\377\0005\000.\0001\0000\0005\000.\0001\000\040\000*}{section.5.105}% 291
\BOOKMARK [2][-]{subsection.5.105.2}{\376\377\0005\000.\0001\0000\0005\000.\0002\000\040\000*}{section.5.105}% 292
\BOOKMARK [1][-]{section.5.106}{\376\377\0005\000.\0001\0000\0006\000\040\000C\000a\000t\000c\000h\000:\000:\000M\000a\000t\000c\000h\000e\000r\000s\000:\000:\000F\000l\000o\000a\000t\000i\000n\000g\000:\000:\000W\000i\000t\000h\000i\000n\000U\000l\000p\000s\000M\000a\000t\000c\000h\000e\000r\000\040\000S\000t\000r\000u\000c\000t\000\040\000R\000e\000f\000e\000r\000e\000n\000c\000e}{chapter.5}% 293
\BOOKMARK [2][-]{subsection.5.106.1}{\376\377\0005\000.\0001\0000\0006\000.\0001\000\040\000*}{section.5.106}% 294
\BOOKMARK [2][-]{subsection.5.106.2}{\376\377\0005\000.\0001\0000\0006\000.\0002\000\040\000*}{section.5.106}% 295
\BOOKMARK [0][-]{section*.31}{\376\377\000I\000n\000d\000e\000x}{}% 296
